[info   ] [FileManager]: Data files will be fetched from: '../../data/'
[info   ] [FileManager]: Data files will be fetched from: '../../data/../stk-assets/'
[info   ] [FileManager]: User directory is 'C:\Users\robso\AppData\Roaming/supertuxkart/config-0.10/'.
[info   ] [FileManager]: Addons files will be stored in 'C:\Users\robso\AppData\Roaming/supertuxkart/config-0.10/../addons/'.
[info   ] [FileManager]: Screenshots will be stored in 'C:\Users\robso\AppData\Roaming/supertuxkart/config-0.10/screenshots/'.
[info   ] [FileManager]: User-defined grand prix will be stored in 'C:\Users\robso\AppData\Roaming/supertuxkart/config-0.10/grandprix/'.
[info   ] [FileManager]: Asset 0 will be loaded from '../../data/challenges/'.
[info   ] [FileManager]: Asset 1 will be loaded from '../../data/gfx/'.
[info   ] [FileManager]: Asset 2 will be loaded from '../../data/grandprix/'.
[info   ] [FileManager]: Asset 3 will be loaded from '../../data/gui/icons/'.
[info   ] [FileManager]: Asset 4 will be loaded from '../../data/gui/screens/'.
[info   ] [FileManager]: Asset 5 will be loaded from '../../data/gui/dialogs/'.
[info   ] [FileManager]: Asset 6 will be loaded from '../../data/replay/'.
[info   ] [FileManager]: Asset 7 will be loaded from '../../data/shaders/'.
[info   ] [FileManager]: Asset 8 will be loaded from '../../data/skins/'.
[info   ] [FileManager]: Asset 9 will be loaded from '../../data/ttf/'.
[info   ] [FileManager]: Asset 10 will be loaded from '../../data/po/'.
[info   ] [FileManager]: Asset 11 will be loaded from '../../data/../stk-assets/library/'.
[info   ] [FileManager]: Asset 12 will be loaded from '../../data/../stk-assets/models/'.
[info   ] [FileManager]: Asset 13 will be loaded from '../../data/../stk-assets/music/'.
[info   ] [FileManager]: Asset 14 will be loaded from '../../data/../stk-assets/sfx/'.
[info   ] [FileManager]: Asset 15 will be loaded from '../../data/../stk-assets/textures/'.
[info   ] [FileManager]: Asset 16 will be loaded from '../../data/../stk-assets/tracks/'.
[verbose  ] translation: GetLocaleInfo langname returns 'en'.
[verbose  ] translation: GetLocaleInfo tryname returns 'GB'.
[verbose  ] translation: Env var LANGUAGE = 'en_GB'.
[verbose  ] translation: Language 'English (Great Britain)'.
[info   ] [IrrDriver Logger]: ..:: Antarctica Rendering Engine 2.0 ::..
[info   ] [IrrDriver Logger]: Failed to init SDL sensor!: SDL not built with sensor support
[info   ] [IrrDriver Logger]: Compiled SDL Version 2.32.0
[info   ] [IrrDriver Logger]: Current SDL Version 2.32.0
[info   ] [IrrDriver Logger]: Using renderer: OpenGL 4.3.0
[info   ] [IrrDriver Logger]: Intel(R) Iris(R) Xe Graphics: Intel
[info   ] [IrrDriver Logger]: OpenGL driver version is 1.2 or better.
[info   ] [IrrDriver Logger]: GLSL version: 4.3
[info   ] IrrDriver: OpenGL version: 4.3
[info   ] IrrDriver: OpenGL vendor: Intel
[info   ] IrrDriver: OpenGL renderer: Intel(R) Iris(R) Xe Graphics
[info   ] IrrDriver: OpenGL version string: 4.3.0 - Build 32.0.101.6737
[info   ] GLDriver: ARB Buffer Storage Present
[info   ] GLDriver: ARB Compute Shader Present
[info   ] GLDriver: ARB Arrays of Arrays Present
[info   ] GLDriver: ARB Texture Storage Present
[info   ] GLDriver: ARB Texture View Present
[info   ] GLDriver: ARB Image Load Store Present
[info   ] GLDriver: ARB Shader Atomic Counters Present
[info   ] GLDriver: ARB Shader Storage Buffer Object Present
[info   ] GLDriver: EXT Texture Compression S3TC Present
[info   ] GLDriver: ARB Uniform Buffer Object Present
[info   ] GLDriver: ARB Explicit Attrib Location Present
[info   ] GLDriver: EXT Texture Filter Anisotropic Present
[info   ] GLDriver: Geometry Shaders Present
[info   ] GLDriver: ARB Texture Buffer Object Present
[info   ] GLDriver: ARB Texture Swizzle Present
[info   ] GLDriver: ARB Pixel Buffer Object Present
[info   ] GLDriver: ARB Sampler Objects Present
[info   ] GLDriver: ARB Vertex Type 2_10_10_10_rev Present
[info   ] GLDriver: ARB Instanced Arrays Present
[info   ] SharedGPUObjects: Hardware Skinning enabled, method: TBO, max bones: 2048
[info   ] ShaderFilesManager: Compiling shader: C:/Users/robso/OneDrive/Desktop/PersonalGames/MinkowskiKartMain/data/shaders/screenquad.vert
[info   ] ShaderFilesManager: Compiling shader: C:/Users/robso/OneDrive/Desktop/PersonalGames/MinkowskiKartMain/data/shaders/motion_blur.frag
[info   ] ShaderFilesManager: Compiling shader: C:/Users/robso/OneDrive/Desktop/PersonalGames/MinkowskiKartMain/data/shaders/lightning.frag
[info   ] ShaderFilesManager: Compiling shader: C:/Users/robso/OneDrive/Desktop/PersonalGames/MinkowskiKartMain/data/shaders/primitive2dlist.vert
[info   ] ShaderFilesManager: Compiling shader: C:/Users/robso/OneDrive/Desktop/PersonalGames/MinkowskiKartMain/data/shaders/transparent.frag
[info   ] ShaderFilesManager: Compiling shader: C:/Users/robso/OneDrive/Desktop/PersonalGames/MinkowskiKartMain/data/shaders/texturedquad.vert
[info   ] ShaderFilesManager: Compiling shader: C:/Users/robso/OneDrive/Desktop/PersonalGames/MinkowskiKartMain/data/shaders/uniformcolortexturedquad.frag
[info   ] ShaderFilesManager: Compiling shader: C:/Users/robso/OneDrive/Desktop/PersonalGames/MinkowskiKartMain/data/shaders/texturedquad.frag
[info   ] ShaderFilesManager: Compiling shader: C:/Users/robso/OneDrive/Desktop/PersonalGames/MinkowskiKartMain/data/shaders/coloredquad.vert
[info   ] ShaderFilesManager: Compiling shader: C:/Users/robso/OneDrive/Desktop/PersonalGames/MinkowskiKartMain/data/shaders/coloredquad.frag
[info   ] ShaderFilesManager: Compiling shader: C:/Users/robso/OneDrive/Desktop/PersonalGames/MinkowskiKartMain/data/shaders/colortexturedquad.vert
[info   ] ShaderFilesManager: Compiling shader: C:/Users/robso/OneDrive/Desktop/PersonalGames/MinkowskiKartMain/data/shaders/colortexturedquad.frag
[info   ] irr_driver: GLSL supported.
[info   ] GUI: Loading skin data from file: ../../data/skins/classic/stkskin.xml
[info   ] ShaderFilesManager: Compiling shader: C:/Users/robso/OneDrive/Desktop/PersonalGames/MinkowskiKartMain/data/shaders/sp_tess.vert
[info   ] ShaderFilesManager: Compiling shader: C:/Users/robso/OneDrive/Desktop/PersonalGames/MinkowskiKartMain/data/shaders/sp_tess.tesc
[info   ] ShaderFilesManager: Compiling shader: C:/Users/robso/OneDrive/Desktop/PersonalGames/MinkowskiKartMain/data/shaders/sp_tess.tese
[info   ] ShaderFilesManager: Compiling shader: C:/Users/robso/OneDrive/Desktop/PersonalGames/MinkowskiKartMain/data/shaders/sp_solid.frag
[info   ] ShaderFilesManager: Compiling shader: C:/Users/robso/OneDrive/Desktop/PersonalGames/MinkowskiKartMain/data/shaders/sp_shadow.vert
[info   ] ShaderFilesManager: Compiling shader: C:/Users/robso/OneDrive/Desktop/PersonalGames/MinkowskiKartMain/data/shaders/white.frag
[info   ] ShaderFilesManager: Compiling shader: C:/Users/robso/OneDrive/Desktop/PersonalGames/MinkowskiKartMain/data/shaders/sp_skinning_shadow.vert
[info   ] ShaderFilesManager: Compiling shader: C:/Users/robso/OneDrive/Desktop/PersonalGames/MinkowskiKartMain/data/shaders/sp_normal_map.frag
[info   ] ShaderFilesManager: Compiling shader: C:/Users/robso/OneDrive/Desktop/PersonalGames/MinkowskiKartMain/data/shaders/sp_pass.vert
[info   ] ShaderFilesManager: Compiling shader: C:/Users/robso/OneDrive/Desktop/PersonalGames/MinkowskiKartMain/data/shaders/sp_alpha_test.frag
[info   ] ShaderFilesManager: Compiling shader: C:/Users/robso/OneDrive/Desktop/PersonalGames/MinkowskiKartMain/data/shaders/sp_shadow_alpha_test.frag
[info   ] ShaderFilesManager: Compiling shader: C:/Users/robso/OneDrive/Desktop/PersonalGames/MinkowskiKartMain/data/shaders/sp_skinning.vert
[info   ] ShaderFilesManager: Compiling shader: C:/Users/robso/OneDrive/Desktop/PersonalGames/MinkowskiKartMain/data/shaders/sp_decal.frag
[info   ] ShaderFilesManager: Compiling shader: C:/Users/robso/OneDrive/Desktop/PersonalGames/MinkowskiKartMain/data/shaders/sp_grass_pass.vert
[info   ] ShaderFilesManager: Compiling shader: C:/Users/robso/OneDrive/Desktop/PersonalGames/MinkowskiKartMain/data/shaders/sp_grass.frag
[info   ] ShaderFilesManager: Compiling shader: C:/Users/robso/OneDrive/Desktop/PersonalGames/MinkowskiKartMain/data/shaders/sp_grass_shadow.vert
[info   ] ShaderFilesManager: Compiling shader: C:/Users/robso/OneDrive/Desktop/PersonalGames/MinkowskiKartMain/data/shaders/sp_unlit.frag
[info   ] ShaderFilesManager: Compiling shader: C:/Users/robso/OneDrive/Desktop/PersonalGames/MinkowskiKartMain/data/shaders/sp_transparent.frag
[info   ] ShaderFilesManager: Compiling shader: C:/Users/robso/OneDrive/Desktop/PersonalGames/MinkowskiKartMain/data/shaders/sp_ghost.frag
[info   ] ShaderFilesManager: Compiling shader: C:/Users/robso/OneDrive/Desktop/PersonalGames/MinkowskiKartMain/data/shaders/sp_dynamic_night_bloom.frag
[info   ] ShaderFilesManager: Compiling shader: C:/Users/robso/OneDrive/Desktop/PersonalGames/MinkowskiKartMain/data/shaders/sp_tilling_mitigation.frag
[info   ] ShaderFilesManager: Compiling shader: C:/Users/robso/OneDrive/Desktop/PersonalGames/MinkowskiKartMain/data/shaders/sp_vertical_mapping.frag
[info   ] ShaderFilesManager: Compiling shader: C:/Users/robso/OneDrive/Desktop/PersonalGames/MinkowskiKartMain/data/shaders/sp_road_blending.frag
[info   ] ShaderFilesManager: Compiling shader: C:/Users/robso/OneDrive/Desktop/PersonalGames/MinkowskiKartMain/data/shaders/sp_displace_ssr.frag
[info   ] ShaderFilesManager: Compiling shader: C:/Users/robso/OneDrive/Desktop/PersonalGames/MinkowskiKartMain/data/shaders/sp_displace.frag
[info   ] ShaderFilesManager: Compiling shader: C:/Users/robso/OneDrive/Desktop/PersonalGames/MinkowskiKartMain/data/shaders/colorize.frag
[info   ] ShaderFilesManager: Compiling shader: C:/Users/robso/OneDrive/Desktop/PersonalGames/MinkowskiKartMain/data/shaders/sp_normal_visualizer.vert
[info   ] ShaderFilesManager: Compiling shader: C:/Users/robso/OneDrive/Desktop/PersonalGames/MinkowskiKartMain/data/shaders/sp_normal_visualizer.geom
[info   ] ShaderFilesManager: Compiling shader: C:/Users/robso/OneDrive/Desktop/PersonalGames/MinkowskiKartMain/data/shaders/sp_normal_visualizer.frag
[info   ] HTTPRequest: Downloading https://online.supertuxkart.net/dl/xml/online_news.xml
[info   ] addons: Using cached addons.xml.
[info   ] GrandPrixManager: Loading Grand Prix files from ../../data/grandprix/
[info   ] GrandPrixManager: Loading Grand Prix files from C:\Users\robso\AppData\Roaming/supertuxkart/config-0.10/grandprix/
[warn   ] Material: Missing container id for gnu_accessories.png, no texture compression for it will be done.
[warn   ] SPMeshBuffer: kartDirt shader is missing, fallback to solid
[warn   ] SPMeshBuffer: kartDirt shader is missing, fallback to solid
[warn   ] SPMeshBuffer: kartDirt shader is missing, fallback to solid
[warn   ] SPMeshBuffer: kartDirt shader is missing, fallback to solid
[warn   ] SPMeshBuffer: kartDirt shader is missing, fallback to solid
[warn   ] Material: Missing container id for Pepper_lamp_diff.png, no texture compression for it will be done.
[error  ] CommandLine: Invalid parameter: --root-data=../../data.
[warn   ] LayoutManager: Statically sized widgets took all the place!!
[warn   ] LayoutManager: Statically sized widgets took all the place!!
[warn   ] LayoutManager: Statically sized widgets took all the place!!
[info   ] ShaderFilesManager: Compiling shader: C:/Users/robso/OneDrive/Desktop/PersonalGames/MinkowskiKartMain/data/shaders/simple_particle.vert
[info   ] ShaderFilesManager: Compiling shader: C:/Users/robso/OneDrive/Desktop/PersonalGames/MinkowskiKartMain/data/shaders/simple_particle.frag
[info   ] ShaderFilesManager: Compiling shader: C:/Users/robso/OneDrive/Desktop/PersonalGames/MinkowskiKartMain/data/shaders/alphatest_particle.vert
[info   ] ShaderFilesManager: Compiling shader: C:/Users/robso/OneDrive/Desktop/PersonalGames/MinkowskiKartMain/data/shaders/alphatest_particle.frag
[info   ] ShaderFilesManager: Compiling shader: C:/Users/robso/OneDrive/Desktop/PersonalGames/MinkowskiKartMain/data/shaders/degraded_ibl.frag
[info   ] ShaderFilesManager: Compiling shader: C:/Users/robso/OneDrive/Desktop/PersonalGames/MinkowskiKartMain/data/shaders/sunlight.frag
[info   ] ShaderFilesManager: Compiling shader: C:/Users/robso/OneDrive/Desktop/PersonalGames/MinkowskiKartMain/data/shaders/pointlight.vert
[info   ] ShaderFilesManager: Compiling shader: C:/Users/robso/OneDrive/Desktop/PersonalGames/MinkowskiKartMain/data/shaders/pointlight.frag
[info   ] ShaderFilesManager: Compiling shader: C:/Users/robso/OneDrive/Desktop/PersonalGames/MinkowskiKartMain/data/shaders/combine_diffuse_color.frag
[info   ] ShaderFilesManager: Compiling shader: C:/Users/robso/OneDrive/Desktop/PersonalGames/MinkowskiKartMain/data/shaders/tonemap.frag
[warn   ] LayoutManager: Statically sized widgets took all the place!!
[warn   ] LayoutManager: Statically sized widgets took all the place!!
[warn   ] LayoutManager: Statically sized widgets took all the place!!
[warn   ] LayoutManager: Statically sized widgets took all the place!!
